27-01-2023 00:19:42.820 [main] INFO  c.e.o.SwaggerlogbackApplication.logStarting - Starting SwaggerlogbackApplication using Java 17.0.5 with PID 10004 (C:\Users\srika\Downloads\swaggerlogback\target\classes started by srika in C:\Users\srika\Downloads\swaggerlogback)
27-01-2023 00:19:42.828 [main] INFO  c.e.o.SwaggerlogbackApplication.logStartupProfileInfo - No active profile set, falling back to 1 default profile: "default"
27-01-2023 00:19:43.543 [main] INFO  o.s.d.r.c.RepositoryConfigurationDelegate.registerRepositoriesIn - Bootstrapping Spring Data JPA repositories in DEFAULT mode.
27-01-2023 00:19:43.598 [main] INFO  o.s.d.r.c.RepositoryConfigurationDelegate.registerRepositoriesIn - Finished Spring Data repository scanning in 45 ms. Found 1 JPA repository interfaces.
27-01-2023 00:19:44.081 [main] INFO  o.s.b.w.e.tomcat.TomcatWebServer.initialize - Tomcat initialized with port(s): 8080 (http)
27-01-2023 00:19:44.090 [main] INFO  o.a.catalina.core.StandardService.log - Starting service [Tomcat]
27-01-2023 00:19:44.090 [main] INFO  o.a.catalina.core.StandardEngine.log - Starting Servlet engine: [Apache Tomcat/10.1.5]
27-01-2023 00:19:44.183 [main] INFO  o.a.c.c.C.[.[localhost].[/demo].log - Initializing Spring embedded WebApplicationContext
27-01-2023 00:19:44.184 [main] INFO  o.s.b.w.s.c.ServletWebServerApplicationContext.prepareWebApplicationContext - Root WebApplicationContext: initialization completed in 1251 ms
27-01-2023 00:19:44.294 [main] INFO  com.zaxxer.hikari.HikariDataSource.getConnection - HikariPool-1 - Starting...
27-01-2023 00:19:44.641 [main] INFO  com.zaxxer.hikari.pool.HikariPool.checkFailFast - HikariPool-1 - Added connection com.mysql.cj.jdbc.ConnectionImpl@1bedc703
27-01-2023 00:19:44.642 [main] INFO  com.zaxxer.hikari.HikariDataSource.getConnection - HikariPool-1 - Start completed.
27-01-2023 00:19:44.676 [main] INFO  o.h.jpa.internal.util.LogHelper.logPersistenceUnitInformation - HHH000204: Processing PersistenceUnitInfo [name: default]
27-01-2023 00:19:44.727 [main] INFO  org.hibernate.Version.logVersion - HHH000412: Hibernate ORM core version 6.1.6.Final
27-01-2023 00:19:44.878 [main] WARN  org.hibernate.orm.deprecation.lambda$new$1 - HHH90000021: Encountered deprecated setting [javax.persistence.sharedCache.mode], use [jakarta.persistence.sharedCache.mode] instead
27-01-2023 00:19:45.076 [main] INFO  SQL dialect.logSelectedDialect - HHH000400: Using dialect: org.hibernate.dialect.MySQLDialect
27-01-2023 00:19:45.262 [main] INFO  o.h.c.b.TypeSafeActivator.getValidatorFactory - Error calling `jakarta.validation.Validation#buildDefaultValidatorFactory`
jakarta.validation.NoProviderFoundException: Unable to create a Configuration, because no Jakarta Bean Validation provider could be found. Add a provider like Hibernate Validator (RI) to your classpath.
	at jakarta.validation.Validation$GenericBootstrapImpl.configure(Validation.java:291)
	at jakarta.validation.Validation.buildDefaultValidatorFactory(Validation.java:103)
	at org.hibernate.cfg.beanvalidation.TypeSafeActivator.getValidatorFactory(TypeSafeActivator.java:479)
	at org.hibernate.cfg.beanvalidation.TypeSafeActivator.activate(TypeSafeActivator.java:82)
	at java.base/jdk.internal.reflect.NativeMethodAccessorImpl.invoke0(Native Method)
	at java.base/jdk.internal.reflect.NativeMethodAccessorImpl.invoke(NativeMethodAccessorImpl.java:77)
	at java.base/jdk.internal.reflect.DelegatingMethodAccessorImpl.invoke(DelegatingMethodAccessorImpl.java:43)
	at java.base/java.lang.reflect.Method.invoke(Method.java:568)
	at org.hibernate.cfg.beanvalidation.BeanValidationIntegrator.integrate(BeanValidationIntegrator.java:137)
	at org.hibernate.internal.SessionFactoryImpl.<init>(SessionFactoryImpl.java:287)
	at org.hibernate.boot.internal.SessionFactoryBuilderImpl.build(SessionFactoryBuilderImpl.java:415)
	at org.hibernate.jpa.boot.internal.EntityManagerFactoryBuilderImpl.build(EntityManagerFactoryBuilderImpl.java:1425)
	at org.springframework.orm.jpa.vendor.SpringHibernateJpaPersistenceProvider.createContainerEntityManagerFactory(SpringHibernateJpaPersistenceProvider.java:66)
	at org.springframework.orm.jpa.LocalContainerEntityManagerFactoryBean.createNativeEntityManagerFactory(LocalContainerEntityManagerFactoryBean.java:376)
	at org.springframework.orm.jpa.AbstractEntityManagerFactoryBean.buildNativeEntityManagerFactory(AbstractEntityManagerFactoryBean.java:409)
	at org.springframework.orm.jpa.AbstractEntityManagerFactoryBean.afterPropertiesSet(AbstractEntityManagerFactoryBean.java:396)
	at org.springframework.orm.jpa.LocalContainerEntityManagerFactoryBean.afterPropertiesSet(LocalContainerEntityManagerFactoryBean.java:352)
	at org.springframework.beans.factory.support.AbstractAutowireCapableBeanFactory.invokeInitMethods(AbstractAutowireCapableBeanFactory.java:1797)
	at org.springframework.beans.factory.support.AbstractAutowireCapableBeanFactory.initializeBean(AbstractAutowireCapableBeanFactory.java:1747)
	at org.springframework.beans.factory.support.AbstractAutowireCapableBeanFactory.doCreateBean(AbstractAutowireCapableBeanFactory.java:599)
	at org.springframework.beans.factory.support.AbstractAutowireCapableBeanFactory.createBean(AbstractAutowireCapableBeanFactory.java:521)
	at org.springframework.beans.factory.support.AbstractBeanFactory.lambda$doGetBean$0(AbstractBeanFactory.java:326)
	at org.springframework.beans.factory.support.DefaultSingletonBeanRegistry.getSingleton(DefaultSingletonBeanRegistry.java:234)
	at org.springframework.beans.factory.support.AbstractBeanFactory.doGetBean(AbstractBeanFactory.java:324)
	at org.springframework.beans.factory.support.AbstractBeanFactory.getBean(AbstractBeanFactory.java:200)
	at org.springframework.context.support.AbstractApplicationContext.getBean(AbstractApplicationContext.java:1130)
	at org.springframework.context.support.AbstractApplicationContext.finishBeanFactoryInitialization(AbstractApplicationContext.java:905)
	at org.springframework.context.support.AbstractApplicationContext.refresh(AbstractApplicationContext.java:584)
	at org.springframework.boot.web.servlet.context.ServletWebServerApplicationContext.refresh(ServletWebServerApplicationContext.java:146)
	at org.springframework.boot.SpringApplication.refresh(SpringApplication.java:730)
	at org.springframework.boot.SpringApplication.refreshContext(SpringApplication.java:432)
	at org.springframework.boot.SpringApplication.run(SpringApplication.java:308)
	at org.springframework.boot.SpringApplication.run(SpringApplication.java:1302)
	at org.springframework.boot.SpringApplication.run(SpringApplication.java:1291)
	at com.example.opensource.SwaggerlogbackApplication.main(SwaggerlogbackApplication.java:10)
27-01-2023 00:19:45.671 [main] INFO  o.h.e.t.j.p.i.JtaPlatformInitiator.initiateService - HHH000490: Using JtaPlatform implementation: [org.hibernate.engine.transaction.jta.platform.internal.NoJtaPlatform]
27-01-2023 00:19:45.682 [main] INFO  o.s.o.j.LocalContainerEntityManagerFactoryBean.buildNativeEntityManagerFactory - Initialized JPA EntityManagerFactory for persistence unit 'default'
27-01-2023 00:19:45.740 [main] WARN  o.s.b.a.o.j.JpaBaseConfiguration$JpaWebConfiguration.openEntityManagerInViewInterceptor - spring.jpa.open-in-view is enabled by default. Therefore, database queries may be performed during view rendering. Explicitly configure spring.jpa.open-in-view to disable this warning
27-01-2023 00:19:46.441 [main] INFO  o.s.b.w.e.tomcat.TomcatWebServer.start - Tomcat started on port(s): 8080 (http) with context path '/demo'
27-01-2023 00:19:46.450 [main] INFO  c.e.o.SwaggerlogbackApplication.logStarted - Started SwaggerlogbackApplication in 4.821 seconds (process running for 5.917)
27-01-2023 00:23:49.904 [SpringApplicationShutdownHook] INFO  o.s.o.j.LocalContainerEntityManagerFactoryBean.destroy - Closing JPA EntityManagerFactory for persistence unit 'default'
27-01-2023 00:23:49.908 [SpringApplicationShutdownHook] INFO  com.zaxxer.hikari.HikariDataSource.close - HikariPool-1 - Shutdown initiated...
27-01-2023 00:23:49.921 [SpringApplicationShutdownHook] INFO  com.zaxxer.hikari.HikariDataSource.close - HikariPool-1 - Shutdown completed.
27-01-2023 00:23:56.107 [main] INFO  c.e.o.SwaggerlogbackApplication.logStarting - Starting SwaggerlogbackApplication using Java 17.0.5 with PID 2832 (C:\Users\srika\Downloads\swaggerlogback\target\classes started by srika in C:\Users\srika\Downloads\swaggerlogback)
27-01-2023 00:23:56.111 [main] INFO  c.e.o.SwaggerlogbackApplication.logStartupProfileInfo - No active profile set, falling back to 1 default profile: "default"
27-01-2023 00:23:56.689 [main] INFO  o.s.d.r.c.RepositoryConfigurationDelegate.registerRepositoriesIn - Bootstrapping Spring Data JPA repositories in DEFAULT mode.
27-01-2023 00:23:56.735 [main] INFO  o.s.d.r.c.RepositoryConfigurationDelegate.registerRepositoriesIn - Finished Spring Data repository scanning in 39 ms. Found 1 JPA repository interfaces.
27-01-2023 00:23:57.157 [main] INFO  o.s.b.w.e.tomcat.TomcatWebServer.initialize - Tomcat initialized with port(s): 8080 (http)
27-01-2023 00:23:57.166 [main] INFO  o.a.catalina.core.StandardService.log - Starting service [Tomcat]
27-01-2023 00:23:57.167 [main] INFO  o.a.catalina.core.StandardEngine.log - Starting Servlet engine: [Apache Tomcat/10.1.5]
27-01-2023 00:23:57.258 [main] INFO  o.a.c.c.C.[.[localhost].[/demo].log - Initializing Spring embedded WebApplicationContext
27-01-2023 00:23:57.258 [main] INFO  o.s.b.w.s.c.ServletWebServerApplicationContext.prepareWebApplicationContext - Root WebApplicationContext: initialization completed in 1092 ms
27-01-2023 00:23:57.370 [main] INFO  com.zaxxer.hikari.HikariDataSource.getConnection - HikariPool-1 - Starting...
27-01-2023 00:23:57.677 [main] INFO  com.zaxxer.hikari.pool.HikariPool.checkFailFast - HikariPool-1 - Added connection com.mysql.cj.jdbc.ConnectionImpl@e7b265e
27-01-2023 00:23:57.679 [main] INFO  com.zaxxer.hikari.HikariDataSource.getConnection - HikariPool-1 - Start completed.
27-01-2023 00:23:57.712 [main] INFO  o.h.jpa.internal.util.LogHelper.logPersistenceUnitInformation - HHH000204: Processing PersistenceUnitInfo [name: default]
27-01-2023 00:23:57.763 [main] INFO  org.hibernate.Version.logVersion - HHH000412: Hibernate ORM core version 6.1.6.Final
27-01-2023 00:23:57.903 [main] WARN  org.hibernate.orm.deprecation.lambda$new$1 - HHH90000021: Encountered deprecated setting [javax.persistence.sharedCache.mode], use [jakarta.persistence.sharedCache.mode] instead
27-01-2023 00:23:58.064 [main] INFO  SQL dialect.logSelectedDialect - HHH000400: Using dialect: org.hibernate.dialect.MySQLDialect
27-01-2023 00:23:58.274 [main] INFO  o.h.c.b.TypeSafeActivator.getValidatorFactory - Error calling `jakarta.validation.Validation#buildDefaultValidatorFactory`
jakarta.validation.NoProviderFoundException: Unable to create a Configuration, because no Jakarta Bean Validation provider could be found. Add a provider like Hibernate Validator (RI) to your classpath.
	at jakarta.validation.Validation$GenericBootstrapImpl.configure(Validation.java:291)
	at jakarta.validation.Validation.buildDefaultValidatorFactory(Validation.java:103)
	at org.hibernate.cfg.beanvalidation.TypeSafeActivator.getValidatorFactory(TypeSafeActivator.java:479)
	at org.hibernate.cfg.beanvalidation.TypeSafeActivator.activate(TypeSafeActivator.java:82)
	at java.base/jdk.internal.reflect.NativeMethodAccessorImpl.invoke0(Native Method)
	at java.base/jdk.internal.reflect.NativeMethodAccessorImpl.invoke(NativeMethodAccessorImpl.java:77)
	at java.base/jdk.internal.reflect.DelegatingMethodAccessorImpl.invoke(DelegatingMethodAccessorImpl.java:43)
	at java.base/java.lang.reflect.Method.invoke(Method.java:568)
	at org.hibernate.cfg.beanvalidation.BeanValidationIntegrator.integrate(BeanValidationIntegrator.java:137)
	at org.hibernate.internal.SessionFactoryImpl.<init>(SessionFactoryImpl.java:287)
	at org.hibernate.boot.internal.SessionFactoryBuilderImpl.build(SessionFactoryBuilderImpl.java:415)
	at org.hibernate.jpa.boot.internal.EntityManagerFactoryBuilderImpl.build(EntityManagerFactoryBuilderImpl.java:1425)
	at org.springframework.orm.jpa.vendor.SpringHibernateJpaPersistenceProvider.createContainerEntityManagerFactory(SpringHibernateJpaPersistenceProvider.java:66)
	at org.springframework.orm.jpa.LocalContainerEntityManagerFactoryBean.createNativeEntityManagerFactory(LocalContainerEntityManagerFactoryBean.java:376)
	at org.springframework.orm.jpa.AbstractEntityManagerFactoryBean.buildNativeEntityManagerFactory(AbstractEntityManagerFactoryBean.java:409)
	at org.springframework.orm.jpa.AbstractEntityManagerFactoryBean.afterPropertiesSet(AbstractEntityManagerFactoryBean.java:396)
	at org.springframework.orm.jpa.LocalContainerEntityManagerFactoryBean.afterPropertiesSet(LocalContainerEntityManagerFactoryBean.java:352)
	at org.springframework.beans.factory.support.AbstractAutowireCapableBeanFactory.invokeInitMethods(AbstractAutowireCapableBeanFactory.java:1797)
	at org.springframework.beans.factory.support.AbstractAutowireCapableBeanFactory.initializeBean(AbstractAutowireCapableBeanFactory.java:1747)
	at org.springframework.beans.factory.support.AbstractAutowireCapableBeanFactory.doCreateBean(AbstractAutowireCapableBeanFactory.java:599)
	at org.springframework.beans.factory.support.AbstractAutowireCapableBeanFactory.createBean(AbstractAutowireCapableBeanFactory.java:521)
	at org.springframework.beans.factory.support.AbstractBeanFactory.lambda$doGetBean$0(AbstractBeanFactory.java:326)
	at org.springframework.beans.factory.support.DefaultSingletonBeanRegistry.getSingleton(DefaultSingletonBeanRegistry.java:234)
	at org.springframework.beans.factory.support.AbstractBeanFactory.doGetBean(AbstractBeanFactory.java:324)
	at org.springframework.beans.factory.support.AbstractBeanFactory.getBean(AbstractBeanFactory.java:200)
	at org.springframework.context.support.AbstractApplicationContext.getBean(AbstractApplicationContext.java:1130)
	at org.springframework.context.support.AbstractApplicationContext.finishBeanFactoryInitialization(AbstractApplicationContext.java:905)
	at org.springframework.context.support.AbstractApplicationContext.refresh(AbstractApplicationContext.java:584)
	at org.springframework.boot.web.servlet.context.ServletWebServerApplicationContext.refresh(ServletWebServerApplicationContext.java:146)
	at org.springframework.boot.SpringApplication.refresh(SpringApplication.java:730)
	at org.springframework.boot.SpringApplication.refreshContext(SpringApplication.java:432)
	at org.springframework.boot.SpringApplication.run(SpringApplication.java:308)
	at org.springframework.boot.SpringApplication.run(SpringApplication.java:1302)
	at org.springframework.boot.SpringApplication.run(SpringApplication.java:1291)
	at com.example.opensource.SwaggerlogbackApplication.main(SwaggerlogbackApplication.java:10)
27-01-2023 00:23:58.668 [main] INFO  o.h.e.t.j.p.i.JtaPlatformInitiator.initiateService - HHH000490: Using JtaPlatform implementation: [org.hibernate.engine.transaction.jta.platform.internal.NoJtaPlatform]
27-01-2023 00:23:58.677 [main] INFO  o.s.o.j.LocalContainerEntityManagerFactoryBean.buildNativeEntityManagerFactory - Initialized JPA EntityManagerFactory for persistence unit 'default'
27-01-2023 00:23:58.892 [main] WARN  o.s.b.a.o.j.JpaBaseConfiguration$JpaWebConfiguration.openEntityManagerInViewInterceptor - spring.jpa.open-in-view is enabled by default. Therefore, database queries may be performed during view rendering. Explicitly configure spring.jpa.open-in-view to disable this warning
27-01-2023 00:23:59.467 [main] INFO  o.s.b.w.e.tomcat.TomcatWebServer.start - Tomcat started on port(s): 8080 (http) with context path '/demo'
27-01-2023 00:23:59.475 [main] INFO  c.e.o.SwaggerlogbackApplication.logStarted - Started SwaggerlogbackApplication in 3.846 seconds (process running for 4.542)
27-01-2023 00:27:28.539 [SpringApplicationShutdownHook] INFO  o.s.o.j.LocalContainerEntityManagerFactoryBean.destroy - Closing JPA EntityManagerFactory for persistence unit 'default'
27-01-2023 00:27:28.542 [SpringApplicationShutdownHook] INFO  com.zaxxer.hikari.HikariDataSource.close - HikariPool-1 - Shutdown initiated...
27-01-2023 00:27:28.549 [SpringApplicationShutdownHook] INFO  com.zaxxer.hikari.HikariDataSource.close - HikariPool-1 - Shutdown completed.
27-01-2023 00:27:31.271 [main] INFO  c.e.o.SwaggerlogbackApplication.logStarting - Starting SwaggerlogbackApplication using Java 17.0.5 with PID 16340 (C:\Users\srika\Downloads\swaggerlogback\target\classes started by srika in C:\Users\srika\Downloads\swaggerlogback)
27-01-2023 00:27:31.274 [main] INFO  c.e.o.SwaggerlogbackApplication.logStartupProfileInfo - No active profile set, falling back to 1 default profile: "default"
27-01-2023 00:27:31.778 [main] INFO  o.s.d.r.c.RepositoryConfigurationDelegate.registerRepositoriesIn - Bootstrapping Spring Data JPA repositories in DEFAULT mode.
27-01-2023 00:27:31.842 [main] INFO  o.s.d.r.c.RepositoryConfigurationDelegate.registerRepositoriesIn - Finished Spring Data repository scanning in 56 ms. Found 1 JPA repository interfaces.
27-01-2023 00:27:32.204 [main] INFO  o.s.b.w.e.tomcat.TomcatWebServer.initialize - Tomcat initialized with port(s): 8080 (http)
27-01-2023 00:27:32.211 [main] INFO  o.a.catalina.core.StandardService.log - Starting service [Tomcat]
27-01-2023 00:27:32.213 [main] INFO  o.a.catalina.core.StandardEngine.log - Starting Servlet engine: [Apache Tomcat/10.1.5]
27-01-2023 00:27:32.294 [main] INFO  o.a.c.c.C.[.[localhost].[/demo].log - Initializing Spring embedded WebApplicationContext
27-01-2023 00:27:32.295 [main] INFO  o.s.b.w.s.c.ServletWebServerApplicationContext.prepareWebApplicationContext - Root WebApplicationContext: initialization completed in 978 ms
27-01-2023 00:27:32.398 [main] INFO  com.zaxxer.hikari.HikariDataSource.getConnection - HikariPool-1 - Starting...
27-01-2023 00:27:32.629 [main] INFO  com.zaxxer.hikari.pool.HikariPool.checkFailFast - HikariPool-1 - Added connection com.mysql.cj.jdbc.ConnectionImpl@3cc79c02
27-01-2023 00:27:32.631 [main] INFO  com.zaxxer.hikari.HikariDataSource.getConnection - HikariPool-1 - Start completed.
27-01-2023 00:27:32.658 [main] INFO  o.h.jpa.internal.util.LogHelper.logPersistenceUnitInformation - HHH000204: Processing PersistenceUnitInfo [name: default]
27-01-2023 00:27:32.690 [main] INFO  org.hibernate.Version.logVersion - HHH000412: Hibernate ORM core version 6.1.6.Final
27-01-2023 00:27:32.790 [main] WARN  org.hibernate.orm.deprecation.lambda$new$1 - HHH90000021: Encountered deprecated setting [javax.persistence.sharedCache.mode], use [jakarta.persistence.sharedCache.mode] instead
27-01-2023 00:27:32.948 [main] INFO  SQL dialect.logSelectedDialect - HHH000400: Using dialect: org.hibernate.dialect.MySQLDialect
27-01-2023 00:27:33.115 [main] INFO  o.h.c.b.TypeSafeActivator.getValidatorFactory - Error calling `jakarta.validation.Validation#buildDefaultValidatorFactory`
jakarta.validation.NoProviderFoundException: Unable to create a Configuration, because no Jakarta Bean Validation provider could be found. Add a provider like Hibernate Validator (RI) to your classpath.
	at jakarta.validation.Validation$GenericBootstrapImpl.configure(Validation.java:291)
	at jakarta.validation.Validation.buildDefaultValidatorFactory(Validation.java:103)
	at org.hibernate.cfg.beanvalidation.TypeSafeActivator.getValidatorFactory(TypeSafeActivator.java:479)
	at org.hibernate.cfg.beanvalidation.TypeSafeActivator.activate(TypeSafeActivator.java:82)
	at java.base/jdk.internal.reflect.NativeMethodAccessorImpl.invoke0(Native Method)
	at java.base/jdk.internal.reflect.NativeMethodAccessorImpl.invoke(NativeMethodAccessorImpl.java:77)
	at java.base/jdk.internal.reflect.DelegatingMethodAccessorImpl.invoke(DelegatingMethodAccessorImpl.java:43)
	at java.base/java.lang.reflect.Method.invoke(Method.java:568)
	at org.hibernate.cfg.beanvalidation.BeanValidationIntegrator.integrate(BeanValidationIntegrator.java:137)
	at org.hibernate.internal.SessionFactoryImpl.<init>(SessionFactoryImpl.java:287)
	at org.hibernate.boot.internal.SessionFactoryBuilderImpl.build(SessionFactoryBuilderImpl.java:415)
	at org.hibernate.jpa.boot.internal.EntityManagerFactoryBuilderImpl.build(EntityManagerFactoryBuilderImpl.java:1425)
	at org.springframework.orm.jpa.vendor.SpringHibernateJpaPersistenceProvider.createContainerEntityManagerFactory(SpringHibernateJpaPersistenceProvider.java:66)
	at org.springframework.orm.jpa.LocalContainerEntityManagerFactoryBean.createNativeEntityManagerFactory(LocalContainerEntityManagerFactoryBean.java:376)
	at org.springframework.orm.jpa.AbstractEntityManagerFactoryBean.buildNativeEntityManagerFactory(AbstractEntityManagerFactoryBean.java:409)
	at org.springframework.orm.jpa.AbstractEntityManagerFactoryBean.afterPropertiesSet(AbstractEntityManagerFactoryBean.java:396)
	at org.springframework.orm.jpa.LocalContainerEntityManagerFactoryBean.afterPropertiesSet(LocalContainerEntityManagerFactoryBean.java:352)
	at org.springframework.beans.factory.support.AbstractAutowireCapableBeanFactory.invokeInitMethods(AbstractAutowireCapableBeanFactory.java:1797)
	at org.springframework.beans.factory.support.AbstractAutowireCapableBeanFactory.initializeBean(AbstractAutowireCapableBeanFactory.java:1747)
	at org.springframework.beans.factory.support.AbstractAutowireCapableBeanFactory.doCreateBean(AbstractAutowireCapableBeanFactory.java:599)
	at org.springframework.beans.factory.support.AbstractAutowireCapableBeanFactory.createBean(AbstractAutowireCapableBeanFactory.java:521)
	at org.springframework.beans.factory.support.AbstractBeanFactory.lambda$doGetBean$0(AbstractBeanFactory.java:326)
	at org.springframework.beans.factory.support.DefaultSingletonBeanRegistry.getSingleton(DefaultSingletonBeanRegistry.java:234)
	at org.springframework.beans.factory.support.AbstractBeanFactory.doGetBean(AbstractBeanFactory.java:324)
	at org.springframework.beans.factory.support.AbstractBeanFactory.getBean(AbstractBeanFactory.java:200)
	at org.springframework.context.support.AbstractApplicationContext.getBean(AbstractApplicationContext.java:1130)
	at org.springframework.context.support.AbstractApplicationContext.finishBeanFactoryInitialization(AbstractApplicationContext.java:905)
	at org.springframework.context.support.AbstractApplicationContext.refresh(AbstractApplicationContext.java:584)
	at org.springframework.boot.web.servlet.context.ServletWebServerApplicationContext.refresh(ServletWebServerApplicationContext.java:146)
	at org.springframework.boot.SpringApplication.refresh(SpringApplication.java:730)
	at org.springframework.boot.SpringApplication.refreshContext(SpringApplication.java:432)
	at org.springframework.boot.SpringApplication.run(SpringApplication.java:308)
	at org.springframework.boot.SpringApplication.run(SpringApplication.java:1302)
	at org.springframework.boot.SpringApplication.run(SpringApplication.java:1291)
	at com.example.opensource.SwaggerlogbackApplication.main(SwaggerlogbackApplication.java:10)
27-01-2023 00:27:33.473 [main] INFO  o.h.e.t.j.p.i.JtaPlatformInitiator.initiateService - HHH000490: Using JtaPlatform implementation: [org.hibernate.engine.transaction.jta.platform.internal.NoJtaPlatform]
27-01-2023 00:27:33.481 [main] INFO  o.s.o.j.LocalContainerEntityManagerFactoryBean.buildNativeEntityManagerFactory - Initialized JPA EntityManagerFactory for persistence unit 'default'
27-01-2023 00:27:33.656 [main] WARN  o.s.b.a.o.j.JpaBaseConfiguration$JpaWebConfiguration.openEntityManagerInViewInterceptor - spring.jpa.open-in-view is enabled by default. Therefore, database queries may be performed during view rendering. Explicitly configure spring.jpa.open-in-view to disable this warning
27-01-2023 00:27:34.141 [main] INFO  o.s.b.w.e.tomcat.TomcatWebServer.start - Tomcat started on port(s): 8080 (http) with context path '/demo'
27-01-2023 00:27:34.148 [main] INFO  c.e.o.SwaggerlogbackApplication.logStarted - Started SwaggerlogbackApplication in 3.267 seconds (process running for 3.905)
27-01-2023 00:33:39.994 [http-nio-8080-exec-4] INFO  o.a.c.c.C.[.[localhost].[/demo].log - Initializing Spring DispatcherServlet 'dispatcherServlet'
27-01-2023 00:33:39.994 [http-nio-8080-exec-4] INFO  o.s.web.servlet.DispatcherServlet.initServletBean - Initializing Servlet 'dispatcherServlet'
27-01-2023 00:33:39.996 [http-nio-8080-exec-4] INFO  o.s.web.servlet.DispatcherServlet.initServletBean - Completed initialization in 0 ms
27-01-2023 00:38:50.276 [SpringApplicationShutdownHook] INFO  o.s.o.j.LocalContainerEntityManagerFactoryBean.destroy - Closing JPA EntityManagerFactory for persistence unit 'default'
27-01-2023 00:38:50.281 [SpringApplicationShutdownHook] INFO  com.zaxxer.hikari.HikariDataSource.close - HikariPool-1 - Shutdown initiated...
27-01-2023 00:38:50.292 [SpringApplicationShutdownHook] INFO  com.zaxxer.hikari.HikariDataSource.close - HikariPool-1 - Shutdown completed.
27-01-2023 00:38:58.166 [main] INFO  c.e.o.SwaggerlogbackApplication.logStarting - Starting SwaggerlogbackApplication using Java 17.0.5 with PID 20392 (C:\Users\srika\Downloads\swaggerlogback\target\classes started by srika in C:\Users\srika\Downloads\swaggerlogback)
27-01-2023 00:38:58.171 [main] INFO  c.e.o.SwaggerlogbackApplication.logStartupProfileInfo - No active profile set, falling back to 1 default profile: "default"
27-01-2023 00:38:58.910 [main] INFO  o.s.d.r.c.RepositoryConfigurationDelegate.registerRepositoriesIn - Bootstrapping Spring Data JPA repositories in DEFAULT mode.
27-01-2023 00:38:58.971 [main] INFO  o.s.d.r.c.RepositoryConfigurationDelegate.registerRepositoriesIn - Finished Spring Data repository scanning in 52 ms. Found 1 JPA repository interfaces.
27-01-2023 00:38:59.421 [main] INFO  o.s.b.w.e.tomcat.TomcatWebServer.initialize - Tomcat initialized with port(s): 8080 (http)
27-01-2023 00:38:59.430 [main] INFO  o.a.catalina.core.StandardService.log - Starting service [Tomcat]
27-01-2023 00:38:59.430 [main] INFO  o.a.catalina.core.StandardEngine.log - Starting Servlet engine: [Apache Tomcat/10.1.5]
27-01-2023 00:38:59.522 [main] INFO  o.a.c.c.C.[.[localhost].[/demo].log - Initializing Spring embedded WebApplicationContext
27-01-2023 00:38:59.523 [main] INFO  o.s.b.w.s.c.ServletWebServerApplicationContext.prepareWebApplicationContext - Root WebApplicationContext: initialization completed in 1296 ms
27-01-2023 00:38:59.618 [main] INFO  com.zaxxer.hikari.HikariDataSource.getConnection - HikariPool-1 - Starting...
27-01-2023 00:38:59.941 [main] INFO  com.zaxxer.hikari.pool.HikariPool.checkFailFast - HikariPool-1 - Added connection com.mysql.cj.jdbc.ConnectionImpl@1d7eb170
27-01-2023 00:38:59.942 [main] INFO  com.zaxxer.hikari.HikariDataSource.getConnection - HikariPool-1 - Start completed.
27-01-2023 00:38:59.975 [main] INFO  o.h.jpa.internal.util.LogHelper.logPersistenceUnitInformation - HHH000204: Processing PersistenceUnitInfo [name: default]
27-01-2023 00:39:00.034 [main] INFO  org.hibernate.Version.logVersion - HHH000412: Hibernate ORM core version 6.1.6.Final
27-01-2023 00:39:00.191 [main] WARN  org.hibernate.orm.deprecation.lambda$new$1 - HHH90000021: Encountered deprecated setting [javax.persistence.sharedCache.mode], use [jakarta.persistence.sharedCache.mode] instead
27-01-2023 00:39:00.351 [main] INFO  SQL dialect.logSelectedDialect - HHH000400: Using dialect: org.hibernate.dialect.MySQLDialect
27-01-2023 00:39:00.965 [main] INFO  o.h.e.t.j.p.i.JtaPlatformInitiator.initiateService - HHH000490: Using JtaPlatform implementation: [org.hibernate.engine.transaction.jta.platform.internal.NoJtaPlatform]
27-01-2023 00:39:00.974 [main] INFO  o.s.o.j.LocalContainerEntityManagerFactoryBean.buildNativeEntityManagerFactory - Initialized JPA EntityManagerFactory for persistence unit 'default'
27-01-2023 00:39:01.256 [main] WARN  o.s.b.a.o.j.JpaBaseConfiguration$JpaWebConfiguration.openEntityManagerInViewInterceptor - spring.jpa.open-in-view is enabled by default. Therefore, database queries may be performed during view rendering. Explicitly configure spring.jpa.open-in-view to disable this warning
27-01-2023 00:39:01.966 [main] INFO  o.s.b.w.e.tomcat.TomcatWebServer.start - Tomcat started on port(s): 8080 (http) with context path '/demo'
27-01-2023 00:39:01.975 [main] INFO  c.e.o.SwaggerlogbackApplication.logStarted - Started SwaggerlogbackApplication in 4.311 seconds (process running for 5.394)
27-01-2023 00:39:23.101 [http-nio-8080-exec-3] INFO  o.a.c.c.C.[.[localhost].[/demo].log - Initializing Spring DispatcherServlet 'dispatcherServlet'
27-01-2023 00:39:23.102 [http-nio-8080-exec-3] INFO  o.s.web.servlet.DispatcherServlet.initServletBean - Initializing Servlet 'dispatcherServlet'
27-01-2023 00:39:23.103 [http-nio-8080-exec-3] INFO  o.s.web.servlet.DispatcherServlet.initServletBean - Completed initialization in 1 ms
27-01-2023 00:39:23.750 [http-nio-8080-exec-1] WARN  o.s.c.LocalVariableTableParameterNameDiscoverer.inspectClass - Using deprecated '-debug' fallback for parameter name resolution. Compile the affected code with '-parameters' instead or avoid its introspection: com.example.opensource.controller.CustomerController
27-01-2023 00:39:23.861 [http-nio-8080-exec-1] INFO  o.s.api.AbstractOpenApiResource.getOpenApi - Init duration for springdoc-openapi is: 244 ms
27-01-2023 00:40:37.281 [http-nio-8080-exec-6] INFO  c.e.o.controller.CustomerController.getCustomers - An INFO Log
27-01-2023 00:40:37.282 [http-nio-8080-exec-6] WARN  c.e.o.controller.CustomerController.getCustomers - A WARN Log
27-01-2023 00:40:37.282 [http-nio-8080-exec-6] ERROR c.e.o.controller.CustomerController.getCustomers - An ERROR Log
27-01-2023 00:40:37.283 [http-nio-8080-exec-6] INFO  c.e.o.service.CustomerServiceImpl.getAllCustomers - An INFO Log from service
27-01-2023 00:40:37.283 [http-nio-8080-exec-6] WARN  c.e.o.service.CustomerServiceImpl.getAllCustomers - A WARN Log from service
27-01-2023 00:40:37.283 [http-nio-8080-exec-6] ERROR c.e.o.service.CustomerServiceImpl.getAllCustomers - An ERROR Log from service
27-01-2023 00:42:18.897 [http-nio-8080-exec-10] WARN  o.s.w.s.m.s.DefaultHandlerExceptionResolver.logException - Resolved [org.springframework.http.converter.HttpMessageNotReadableException: JSON parse error: Cannot deserialize value of type `java.lang.Boolean` from String "Male": only "true" or "false" recognized]
27-01-2023 00:42:41.104 [http-nio-8080-exec-9] WARN  o.s.w.s.m.s.DefaultHandlerExceptionResolver.logException - Resolved [org.springframework.http.converter.HttpMessageNotReadableException: JSON parse error: Unrecognized token 'True': was expecting (JSON String, Number, Array, Object or token 'null', 'true' or 'false')]
27-01-2023 07:29:15.748 [SpringApplicationShutdownHook] INFO  o.s.o.j.LocalContainerEntityManagerFactoryBean.destroy - Closing JPA EntityManagerFactory for persistence unit 'default'
27-01-2023 07:29:15.829 [SpringApplicationShutdownHook] INFO  com.zaxxer.hikari.HikariDataSource.close - HikariPool-1 - Shutdown initiated...
27-01-2023 07:29:15.838 [SpringApplicationShutdownHook] INFO  com.zaxxer.hikari.HikariDataSource.close - HikariPool-1 - Shutdown completed.
27-01-2023 07:29:21.521 [main] INFO  c.e.o.SwaggerlogbackApplication.logStarting - Starting SwaggerlogbackApplication using Java 17.0.5 with PID 20304 (C:\Users\srika\Downloads\swaggerlogback\target\classes started by srika in C:\Users\srika\Downloads\swaggerlogback)
27-01-2023 07:29:21.527 [main] INFO  c.e.o.SwaggerlogbackApplication.logStartupProfileInfo - No active profile set, falling back to 1 default profile: "default"
27-01-2023 07:29:22.424 [main] INFO  o.s.d.r.c.RepositoryConfigurationDelegate.registerRepositoriesIn - Bootstrapping Spring Data JPA repositories in DEFAULT mode.
27-01-2023 07:29:22.490 [main] INFO  o.s.d.r.c.RepositoryConfigurationDelegate.registerRepositoriesIn - Finished Spring Data repository scanning in 47 ms. Found 1 JPA repository interfaces.
27-01-2023 07:29:22.959 [main] INFO  o.s.b.w.e.tomcat.TomcatWebServer.initialize - Tomcat initialized with port(s): 8080 (http)
27-01-2023 07:29:22.967 [main] INFO  o.a.catalina.core.StandardService.log - Starting service [Tomcat]
27-01-2023 07:29:22.968 [main] INFO  o.a.catalina.core.StandardEngine.log - Starting Servlet engine: [Apache Tomcat/10.1.5]
27-01-2023 07:29:23.052 [main] INFO  o.a.c.c.C.[.[localhost].[/demo].log - Initializing Spring embedded WebApplicationContext
27-01-2023 07:29:23.052 [main] INFO  o.s.b.w.s.c.ServletWebServerApplicationContext.prepareWebApplicationContext - Root WebApplicationContext: initialization completed in 1463 ms
27-01-2023 07:29:23.147 [main] INFO  com.zaxxer.hikari.HikariDataSource.getConnection - HikariPool-1 - Starting...
27-01-2023 07:29:23.488 [main] INFO  com.zaxxer.hikari.pool.HikariPool.checkFailFast - HikariPool-1 - Added connection com.mysql.cj.jdbc.ConnectionImpl@46320c9a
27-01-2023 07:29:23.490 [main] INFO  com.zaxxer.hikari.HikariDataSource.getConnection - HikariPool-1 - Start completed.
27-01-2023 07:29:23.524 [main] INFO  o.h.jpa.internal.util.LogHelper.logPersistenceUnitInformation - HHH000204: Processing PersistenceUnitInfo [name: default]
27-01-2023 07:29:23.577 [main] INFO  org.hibernate.Version.logVersion - HHH000412: Hibernate ORM core version 6.1.6.Final
27-01-2023 07:29:23.726 [main] WARN  org.hibernate.orm.deprecation.lambda$new$1 - HHH90000021: Encountered deprecated setting [javax.persistence.sharedCache.mode], use [jakarta.persistence.sharedCache.mode] instead
27-01-2023 07:29:23.881 [main] INFO  SQL dialect.logSelectedDialect - HHH000400: Using dialect: org.hibernate.dialect.MySQLDialect
27-01-2023 07:29:24.498 [main] INFO  o.h.e.t.j.p.i.JtaPlatformInitiator.initiateService - HHH000490: Using JtaPlatform implementation: [org.hibernate.engine.transaction.jta.platform.internal.NoJtaPlatform]
27-01-2023 07:29:24.508 [main] INFO  o.s.o.j.LocalContainerEntityManagerFactoryBean.buildNativeEntityManagerFactory - Initialized JPA EntityManagerFactory for persistence unit 'default'
27-01-2023 07:29:24.765 [main] WARN  o.s.b.a.o.j.JpaBaseConfiguration$JpaWebConfiguration.openEntityManagerInViewInterceptor - spring.jpa.open-in-view is enabled by default. Therefore, database queries may be performed during view rendering. Explicitly configure spring.jpa.open-in-view to disable this warning
27-01-2023 07:29:25.502 [main] INFO  o.s.b.w.e.tomcat.TomcatWebServer.start - Tomcat started on port(s): 8080 (http) with context path '/demo'
27-01-2023 07:29:25.512 [main] INFO  c.e.o.SwaggerlogbackApplication.logStarted - Started SwaggerlogbackApplication in 4.524 seconds (process running for 5.384)
27-01-2023 14:32:58.400 [SpringApplicationShutdownHook] INFO  o.s.o.j.LocalContainerEntityManagerFactoryBean.destroy - Closing JPA EntityManagerFactory for persistence unit 'default'
27-01-2023 14:32:58.485 [SpringApplicationShutdownHook] INFO  com.zaxxer.hikari.HikariDataSource.close - HikariPool-1 - Shutdown initiated...
27-01-2023 14:32:58.501 [SpringApplicationShutdownHook] INFO  com.zaxxer.hikari.HikariDataSource.close - HikariPool-1 - Shutdown completed.
27-01-2023 14:33:04.808 [main] INFO  c.e.o.SwaggerlogbackApplication.logStarting - Starting SwaggerlogbackApplication using Java 17.0.5 with PID 6752 (C:\Users\srika\Downloads\swaggerlogback\target\classes started by srika in C:\Users\srika\Downloads\swaggerlogback)
27-01-2023 14:33:04.811 [main] INFO  c.e.o.SwaggerlogbackApplication.logStartupProfileInfo - No active profile set, falling back to 1 default profile: "default"
27-01-2023 14:33:05.520 [main] INFO  o.s.d.r.c.RepositoryConfigurationDelegate.registerRepositoriesIn - Bootstrapping Spring Data JPA repositories in DEFAULT mode.
27-01-2023 14:33:05.583 [main] INFO  o.s.d.r.c.RepositoryConfigurationDelegate.registerRepositoriesIn - Finished Spring Data repository scanning in 55 ms. Found 1 JPA repository interfaces.
27-01-2023 14:33:06.048 [main] INFO  o.s.b.w.e.tomcat.TomcatWebServer.initialize - Tomcat initialized with port(s): 8080 (http)
27-01-2023 14:33:06.056 [main] INFO  o.a.catalina.core.StandardService.log - Starting service [Tomcat]
27-01-2023 14:33:06.057 [main] INFO  o.a.catalina.core.StandardEngine.log - Starting Servlet engine: [Apache Tomcat/10.1.5]
27-01-2023 14:33:06.159 [main] INFO  o.a.c.c.C.[.[localhost].[/demo].log - Initializing Spring embedded WebApplicationContext
27-01-2023 14:33:06.159 [main] INFO  o.s.b.w.s.c.ServletWebServerApplicationContext.prepareWebApplicationContext - Root WebApplicationContext: initialization completed in 1300 ms
27-01-2023 14:33:06.261 [main] INFO  com.zaxxer.hikari.HikariDataSource.getConnection - HikariPool-1 - Starting...
27-01-2023 14:33:06.602 [main] INFO  com.zaxxer.hikari.pool.HikariPool.checkFailFast - HikariPool-1 - Added connection com.mysql.cj.jdbc.ConnectionImpl@5b251fb9
27-01-2023 14:33:06.603 [main] INFO  com.zaxxer.hikari.HikariDataSource.getConnection - HikariPool-1 - Start completed.
27-01-2023 14:33:06.638 [main] INFO  o.h.jpa.internal.util.LogHelper.logPersistenceUnitInformation - HHH000204: Processing PersistenceUnitInfo [name: default]
27-01-2023 14:33:06.691 [main] INFO  org.hibernate.Version.logVersion - HHH000412: Hibernate ORM core version 6.1.6.Final
27-01-2023 14:33:06.847 [main] WARN  org.hibernate.orm.deprecation.lambda$new$1 - HHH90000021: Encountered deprecated setting [javax.persistence.sharedCache.mode], use [jakarta.persistence.sharedCache.mode] instead
27-01-2023 14:33:07.042 [main] INFO  SQL dialect.logSelectedDialect - HHH000400: Using dialect: org.hibernate.dialect.MySQLDialect
27-01-2023 14:33:07.650 [main] INFO  o.h.e.t.j.p.i.JtaPlatformInitiator.initiateService - HHH000490: Using JtaPlatform implementation: [org.hibernate.engine.transaction.jta.platform.internal.NoJtaPlatform]
27-01-2023 14:33:07.660 [main] INFO  o.s.o.j.LocalContainerEntityManagerFactoryBean.buildNativeEntityManagerFactory - Initialized JPA EntityManagerFactory for persistence unit 'default'
27-01-2023 14:33:07.941 [main] WARN  o.s.b.a.o.j.JpaBaseConfiguration$JpaWebConfiguration.openEntityManagerInViewInterceptor - spring.jpa.open-in-view is enabled by default. Therefore, database queries may be performed during view rendering. Explicitly configure spring.jpa.open-in-view to disable this warning
27-01-2023 14:33:08.689 [main] INFO  o.s.b.w.e.tomcat.TomcatWebServer.start - Tomcat started on port(s): 8080 (http) with context path '/demo'
27-01-2023 14:33:08.697 [main] INFO  c.e.o.SwaggerlogbackApplication.logStarted - Started SwaggerlogbackApplication in 4.377 seconds (process running for 5.202)
27-01-2023 14:33:24.411 [http-nio-8080-exec-1] INFO  o.a.c.c.C.[.[localhost].[/demo].log - Initializing Spring DispatcherServlet 'dispatcherServlet'
27-01-2023 14:33:24.411 [http-nio-8080-exec-1] INFO  o.s.web.servlet.DispatcherServlet.initServletBean - Initializing Servlet 'dispatcherServlet'
27-01-2023 14:33:24.412 [http-nio-8080-exec-1] INFO  o.s.web.servlet.DispatcherServlet.initServletBean - Completed initialization in 1 ms
27-01-2023 14:33:25.092 [http-nio-8080-exec-9] WARN  o.s.c.LocalVariableTableParameterNameDiscoverer.inspectClass - Using deprecated '-debug' fallback for parameter name resolution. Compile the affected code with '-parameters' instead or avoid its introspection: com.example.opensource.controller.CustomerController
27-01-2023 14:33:25.187 [http-nio-8080-exec-9] WARN  o.s.c.LocalVariableTableParameterNameDiscoverer.inspectClass - Using deprecated '-debug' fallback for parameter name resolution. Compile the affected code with '-parameters' instead or avoid its introspection: com.example.opensource.controller.SwaggerRedirectController
27-01-2023 14:33:25.218 [http-nio-8080-exec-9] INFO  o.s.api.AbstractOpenApiResource.getOpenApi - Init duration for springdoc-openapi is: 272 ms
